<?xml version="1.0" encoding="UTF-8"?>
<!-- Generated by org.testng.reporters.JUnitXMLReporter -->
<testsuite hostname="LAPTOP-20464U94" ignored="0" name="functional Booking Air Ticket test scenario" tests="1" failures="1" timestamp="06 May 2018 23:21:09 GMT" time="0.013" errors="0">
  <testcase name="purchaseAirTicket" time="0.007" classname="busyqa.testcases.TestCase_BookAirLineTicket">
    <failure type="java.lang.NullPointerException">
      <![CDATA[java.lang.NullPointerException
	at org.openqa.selenium.support.pagefactory.DefaultElementLocator.findElement(DefaultElementLocator.java:69)
	at org.openqa.selenium.support.pagefactory.internal.LocatingElementHandler.invoke(LocatingElementHandler.java:38)
	at com.sun.proxy.$Proxy9.sendKeys(Unknown Source)
	at busyqa.pages.WelcomePage.signin(WelcomePage.java:28)
	at busyqa.testcases.TestCase_BookAirLineTicket.purchaseAirTicket(TestCase_BookAirLineTicket.java:31)
... Removed 25 stack frames]]>
    </failure>
  </testcase> <!-- purchaseAirTicket -->
</testsuite> <!-- functional Booking Air Ticket test scenario -->
